<?xml version="1.0" encoding="UTF-8"?>
<coverage generated="1756226036169" clover="3.2.0">
  <project timestamp="1756226036169" name="All files">
    <metrics statements="64" coveredstatements="32" conditionals="57" coveredconditionals="7" methods="24" coveredmethods="12" elements="145" coveredelements="51" complexity="0" loc="64" ncloc="64" packages="5" files="9" classes="9"/>
    <package name="assets.images">
      <metrics statements="1" coveredstatements="1" conditionals="0" coveredconditionals="0" methods="0" coveredmethods="0"/>
      <file name="fallback.png" path="/Users/beebee/Desktop/work/animebox/assets/images/fallback.png">
        <metrics statements="1" coveredstatements="1" conditionals="0" coveredconditionals="0" methods="0" coveredmethods="0"/>
        <line num="1" count="1" type="stmt"/>
      </file>
    </package>
    <package name="components">
      <metrics statements="25" coveredstatements="16" conditionals="47" coveredconditionals="6" methods="13" coveredmethods="8"/>
      <file name="AnimeGrid.tsx" path="/Users/beebee/Desktop/work/animebox/components/AnimeGrid.tsx">
        <metrics statements="11" coveredstatements="10" conditionals="6" coveredconditionals="4" methods="6" coveredmethods="4"/>
        <line num="22" count="6" type="stmt"/>
        <line num="34" count="1" type="stmt"/>
        <line num="35" count="6" type="stmt"/>
        <line num="36" count="6" type="stmt"/>
        <line num="37" count="6" type="stmt"/>
        <line num="38" count="6" type="stmt"/>
        <line num="40" count="6" type="stmt"/>
        <line num="41" count="8" type="stmt"/>
        <line num="48" count="0" type="stmt"/>
        <line num="56" count="6" type="stmt"/>
        <line num="60" count="16" type="stmt"/>
      </file>
      <file name="AnimePreviewCard.tsx" path="/Users/beebee/Desktop/work/animebox/components/AnimePreviewCard.tsx">
        <metrics statements="6" coveredstatements="4" conditionals="28" coveredconditionals="1" methods="3" coveredmethods="2"/>
        <line num="24" count="1" type="stmt"/>
        <line num="37" count="4" type="stmt"/>
        <line num="39" count="0" type="stmt"/>
        <line num="65" count="0" type="stmt"/>
        <line num="135" count="4" type="stmt"/>
        <line num="259" count="1" type="stmt"/>
      </file>
      <file name="themed-components.tsx" path="/Users/beebee/Desktop/work/animebox/components/themed-components.tsx">
        <metrics statements="8" coveredstatements="2" conditionals="13" coveredconditionals="1" methods="4" coveredmethods="2"/>
        <line num="36" count="2" type="stmt"/>
        <line num="41" count="0" type="stmt"/>
        <line num="42" count="0" type="stmt"/>
        <line num="60" count="0" type="stmt"/>
        <line num="79" count="0" type="stmt"/>
        <line num="81" count="0" type="stmt"/>
        <line num="85" count="0" type="stmt"/>
        <line num="88" count="2" type="stmt"/>
      </file>
    </package>
    <package name="helpers">
      <metrics statements="22" coveredstatements="8" conditionals="4" coveredconditionals="0" methods="7" coveredmethods="3"/>
      <file name="color.ts" path="/Users/beebee/Desktop/work/animebox/helpers/color.ts">
        <metrics statements="17" coveredstatements="3" conditionals="4" coveredconditionals="0" methods="4" coveredmethods="0"/>
        <line num="10" count="1" type="stmt"/>
        <line num="11" count="0" type="stmt"/>
        <line num="12" count="0" type="cond" truecount="0" falsecount="2"/>
        <line num="16" count="1" type="stmt"/>
        <line num="17" count="0" type="stmt"/>
        <line num="19" count="1" type="stmt"/>
        <line num="33" count="0" type="stmt"/>
        <line num="35" count="0" type="cond" truecount="0" falsecount="2"/>
        <line num="36" count="0" type="stmt"/>
        <line num="40" count="0" type="stmt"/>
        <line num="41" count="0" type="stmt"/>
        <line num="42" count="0" type="stmt"/>
        <line num="44" count="0" type="stmt"/>
        <line num="45" count="0" type="stmt"/>
        <line num="46" count="0" type="stmt"/>
        <line num="49" count="0" type="stmt"/>
        <line num="53" count="0" type="stmt"/>
      </file>
      <file name="withThemeStyles.ts" path="/Users/beebee/Desktop/work/animebox/helpers/withThemeStyles.ts">
        <metrics statements="5" coveredstatements="5" conditionals="0" coveredconditionals="0" methods="3" coveredmethods="3"/>
        <line num="9" count="3" type="stmt"/>
        <line num="10" count="12" type="stmt"/>
        <line num="12" count="12" type="stmt"/>
        <line num="13" count="12" type="stmt"/>
        <line num="17" count="6" type="stmt"/>
      </file>
    </package>
    <package name="hooks">
      <metrics statements="4" coveredstatements="3" conditionals="2" coveredconditionals="1" methods="1" coveredmethods="1"/>
      <file name="useTheme.ts" path="/Users/beebee/Desktop/work/animebox/hooks/useTheme.ts">
        <metrics statements="4" coveredstatements="3" conditionals="2" coveredconditionals="1" methods="1" coveredmethods="1"/>
        <line num="6" count="12" type="stmt"/>
        <line num="7" count="12" type="cond" truecount="1" falsecount="1"/>
        <line num="8" count="0" type="stmt"/>
        <line num="10" count="12" type="stmt"/>
      </file>
    </package>
    <package name="providers.theme">
      <metrics statements="12" coveredstatements="4" conditionals="4" coveredconditionals="0" methods="3" coveredmethods="0"/>
      <file name="ThemeProvider.tsx" path="/Users/beebee/Desktop/work/animebox/providers/theme/ThemeProvider.tsx">
        <metrics statements="10" coveredstatements="2" conditionals="4" coveredconditionals="0" methods="3" coveredmethods="0"/>
        <line num="29" count="1" type="stmt"/>
        <line num="49" count="1" type="stmt"/>
        <line num="50" count="0" type="stmt"/>
        <line num="51" count="0" type="stmt"/>
        <line num="52" count="0" type="stmt"/>
        <line num="54" count="0" type="stmt"/>
        <line num="56" count="0" type="stmt"/>
        <line num="61" count="0" type="stmt"/>
        <line num="62" count="0" type="stmt"/>
        <line num="86" count="0" type="stmt"/>
      </file>
      <file name="colors.ts" path="/Users/beebee/Desktop/work/animebox/providers/theme/colors.ts">
        <metrics statements="2" coveredstatements="2" conditionals="0" coveredconditionals="0" methods="0" coveredmethods="0"/>
        <line num="6" count="1" type="stmt"/>
        <line num="24" count="1" type="stmt"/>
      </file>
    </package>
  </project>
</coverage>
