{"/Users/beebee/Desktop/work/animebox/assets/images/fallback.png": {"path":"/Users/beebee/Desktop/work/animebox/assets/images/fallback.png","statementMap":{"0":{"start":{"line":1,"column":0},"end":{"line":4,"column":6}}},"fnMap":{},"branchMap":{},"s":{"0":1},"f":{},"b":{},"_coverageSchema":"1a1c01bbd47fc00a2c39e90264f33305004495a9","hash":"3a3eea77db1fc564bb71ce9767f0290ba36d1ceb"}
,"/Users/beebee/Desktop/work/animebox/components/AnimeGrid.tsx": {"path":"/Users/beebee/Desktop/work/animebox/components/AnimeGrid.tsx","statementMap":{"0":{"start":{"line":22,"column":18},"end":{"line":32,"column":3}},"1":{"start":{"line":22,"column":52},"end":{"line":32,"column":1}},"2":{"start":{"line":34,"column":51},"end":{"line":69,"column":1}},"3":{"start":{"line":35,"column":21},"end":{"line":35,"column":32}},"4":{"start":{"line":36,"column":22},"end":{"line":36,"column":52}},"5":{"start":{"line":37,"column":21},"end":{"line":37,"column":23}},"6":{"start":{"line":38,"column":20},"end":{"line":38,"column":54}},"7":{"start":{"line":40,"column":52},"end":{"line":54,"column":3}},"8":{"start":{"line":41,"column":4},"end":{"line":53,"column":11}},"9":{"start":{"line":48,"column":22},"end":{"line":48,"column":43}},"10":{"start":{"line":56,"column":2},"end":{"line":68,"column":4}},"11":{"start":{"line":60,"column":30},"end":{"line":60,"column":45}}},"fnMap":{"0":{"name":"(anonymous_0)","decl":{"start":{"line":22,"column":34},"end":{"line":22,"column":35}},"loc":{"start":{"line":22,"column":52},"end":{"line":32,"column":1}},"line":22},"1":{"name":"(anonymous_1)","decl":{"start":{"line":34,"column":51},"end":{"line":34,"column":52}},"loc":{"start":{"line":34,"column":89},"end":{"line":69,"column":1}},"line":34},"2":{"name":"(anonymous_2)","decl":{"start":{"line":40,"column":52},"end":{"line":40,"column":53}},"loc":{"start":{"line":41,"column":4},"end":{"line":53,"column":11}},"line":41},"3":{"name":"(anonymous_3)","decl":{"start":{"line":48,"column":16},"end":{"line":48,"column":17}},"loc":{"start":{"line":48,"column":22},"end":{"line":48,"column":43}},"line":48},"4":{"name":"(anonymous_4)","decl":{"start":{"line":49,"column":21},"end":{"line":49,"column":22}},"loc":{"start":{"line":49,"column":27},"end":{"line":49,"column":29}},"line":49},"5":{"name":"(anonymous_5)","decl":{"start":{"line":60,"column":20},"end":{"line":60,"column":21}},"loc":{"start":{"line":60,"column":30},"end":{"line":60,"column":45}},"line":60}},"branchMap":{"0":{"loc":{"start":{"line":45,"column":17},"end":{"line":45,"column":65}},"type":"cond-expr","locations":[{"start":{"line":45,"column":32},"end":{"line":45,"column":53}},{"start":{"line":45,"column":56},"end":{"line":45,"column":65}}],"line":45},"1":{"loc":{"start":{"line":47,"column":16},"end":{"line":47,"column":60}},"type":"cond-expr","locations":[{"start":{"line":47,"column":33},"end":{"line":47,"column":46}},{"start":{"line":47,"column":49},"end":{"line":47,"column":60}}],"line":47},"2":{"loc":{"start":{"line":50,"column":18},"end":{"line":50,"column":54}},"type":"cond-expr","locations":[{"start":{"line":50,"column":29},"end":{"line":50,"column":46}},{"start":{"line":50,"column":49},"end":{"line":50,"column":54}}],"line":50}},"s":{"0":1,"1":6,"2":1,"3":6,"4":6,"5":6,"6":6,"7":6,"8":8,"9":0,"10":6,"11":16},"f":{"0":6,"1":6,"2":8,"3":0,"4":0,"5":16},"b":{"0":[8,0],"1":[4,4],"2":[0,8]},"_coverageSchema":"1a1c01bbd47fc00a2c39e90264f33305004495a9","hash":"9ccedd7c779f03c344025fe11b539011481f9ddb"}
,"/Users/beebee/Desktop/work/animebox/components/AnimePreviewCard.tsx": {"path":"/Users/beebee/Desktop/work/animebox/components/AnimePreviewCard.tsx","statementMap":{"0":{"start":{"line":24,"column":67},"end":{"line":133,"column":1}},"1":{"start":{"line":37,"column":30},"end":{"line":37,"column":41}},"2":{"start":{"line":39,"column":2},"end":{"line":132,"column":4}},"3":{"start":{"line":65,"column":14},"end":{"line":67,"column":21}},"4":{"start":{"line":135,"column":18},"end":{"line":257,"column":3}},"5":{"start":{"line":135,"column":52},"end":{"line":257,"column":1}},"6":{"start":{"line":259,"column":32},"end":{"line":259,"column":69}}},"fnMap":{"0":{"name":"(anonymous_0)","decl":{"start":{"line":24,"column":67},"end":{"line":24,"column":68}},"loc":{"start":{"line":36,"column":6},"end":{"line":133,"column":1}},"line":36},"1":{"name":"(anonymous_1)","decl":{"start":{"line":64,"column":24},"end":{"line":64,"column":25}},"loc":{"start":{"line":65,"column":14},"end":{"line":67,"column":21}},"line":65},"2":{"name":"(anonymous_2)","decl":{"start":{"line":135,"column":34},"end":{"line":135,"column":35}},"loc":{"start":{"line":135,"column":52},"end":{"line":257,"column":1}},"line":135}},"branchMap":{"0":{"loc":{"start":{"line":33,"column":2},"end":{"line":33,"column":13}},"type":"default-arg","locations":[{"start":{"line":33,"column":11},"end":{"line":33,"column":13}}],"line":33},"1":{"loc":{"start":{"line":34,"column":2},"end":{"line":34,"column":18}},"type":"default-arg","locations":[{"start":{"line":34,"column":13},"end":{"line":34,"column":18}}],"line":34},"2":{"loc":{"start":{"line":49,"column":26},"end":{"line":49,"column":71}},"type":"binary-expr","locations":[{"start":{"line":49,"column":26},"end":{"line":49,"column":44}},{"start":{"line":49,"column":48},"end":{"line":49,"column":71}}],"line":49},"3":{"loc":{"start":{"line":62,"column":9},"end":{"line":70,"column":9}},"type":"binary-expr","locations":[{"start":{"line":62,"column":9},"end":{"line":62,"column":26}},{"start":{"line":63,"column":10},"end":{"line":69,"column":17}}],"line":62},"4":{"loc":{"start":{"line":77,"column":11},"end":{"line":77,"column":62}},"type":"binary-expr","locations":[{"start":{"line":77,"column":11},"end":{"line":77,"column":17}},{"start":{"line":77,"column":21},"end":{"line":77,"column":62}}],"line":77},"5":{"loc":{"start":{"line":78,"column":11},"end":{"line":78,"column":64}},"type":"binary-expr","locations":[{"start":{"line":78,"column":11},"end":{"line":78,"column":18}},{"start":{"line":78,"column":22},"end":{"line":78,"column":64}}],"line":78},"6":{"loc":{"start":{"line":80,"column":9},"end":{"line":84,"column":16}},"type":"cond-expr","locations":[{"start":{"line":81,"column":10},"end":{"line":83,"column":17}},{"start":{"line":84,"column":12},"end":{"line":84,"column":16}}],"line":80},"7":{"loc":{"start":{"line":85,"column":9},"end":{"line":87,"column":16}},"type":"cond-expr","locations":[{"start":{"line":86,"column":10},"end":{"line":86,"column":63}},{"start":{"line":87,"column":12},"end":{"line":87,"column":16}}],"line":85},"8":{"loc":{"start":{"line":107,"column":14},"end":{"line":107,"column":76}},"type":"binary-expr","locations":[{"start":{"line":107,"column":14},"end":{"line":107,"column":22}},{"start":{"line":107,"column":26},"end":{"line":107,"column":76}}],"line":107},"9":{"loc":{"start":{"line":112,"column":14},"end":{"line":114,"column":47}},"type":"cond-expr","locations":[{"start":{"line":113,"column":18},"end":{"line":113,"column":52}},{"start":{"line":114,"column":18},"end":{"line":114,"column":47}}],"line":112},"10":{"loc":{"start":{"line":120,"column":20},"end":{"line":120,"column":50}},"type":"cond-expr","locations":[{"start":{"line":120,"column":31},"end":{"line":120,"column":42}},{"start":{"line":120,"column":45},"end":{"line":120,"column":50}}],"line":120},"11":{"loc":{"start":{"line":121,"column":21},"end":{"line":121,"column":58}},"type":"cond-expr","locations":[{"start":{"line":121,"column":32},"end":{"line":121,"column":43}},{"start":{"line":121,"column":46},"end":{"line":121,"column":58}}],"line":121},"12":{"loc":{"start":{"line":124,"column":44},"end":{"line":124,"column":78}},"type":"binary-expr","locations":[{"start":{"line":124,"column":44},"end":{"line":124,"column":52}},{"start":{"line":124,"column":56},"end":{"line":124,"column":78}}],"line":124},"13":{"loc":{"start":{"line":126,"column":15},"end":{"line":126,"column":59}},"type":"cond-expr","locations":[{"start":{"line":126,"column":26},"end":{"line":126,"column":39}},{"start":{"line":126,"column":42},"end":{"line":126,"column":59}}],"line":126},"14":{"loc":{"start":{"line":147,"column":14},"end":{"line":147,"column":62}},"type":"cond-expr","locations":[{"start":{"line":147,"column":42},"end":{"line":147,"column":50}},{"start":{"line":147,"column":53},"end":{"line":147,"column":62}}],"line":147}},"s":{"0":1,"1":4,"2":0,"3":0,"4":1,"5":4,"6":1},"f":{"0":4,"1":0,"2":4},"b":{"0":[0],"1":[0],"2":[0,0],"3":[0,0],"4":[0,0],"5":[0,0],"6":[0,0],"7":[0,0],"8":[0,0],"9":[0,0],"10":[0,0],"11":[0,0],"12":[0,0],"13":[0,0],"14":[0,4]},"_coverageSchema":"1a1c01bbd47fc00a2c39e90264f33305004495a9","hash":"8bb86eed5c427dc01636f1cd14b2e7f2aa0897be"}
,"/Users/beebee/Desktop/work/animebox/components/themed-components.tsx": {"path":"/Users/beebee/Desktop/work/animebox/components/themed-components.tsx","statementMap":{"0":{"start":{"line":36,"column":34},"end":{"line":36,"column":45}},"1":{"start":{"line":41,"column":6},"end":{"line":58,"column":3}},"2":{"start":{"line":42,"column":11},"end":{"line":56,"column":5}},"3":{"start":{"line":60,"column":2},"end":{"line":60,"column":80}},"4":{"start":{"line":79,"column":22},"end":{"line":79,"column":33}},"5":{"start":{"line":81,"column":29},"end":{"line":83,"column":3}},"6":{"start":{"line":85,"column":2},"end":{"line":85,"column":55}},"7":{"start":{"line":88,"column":18},"end":{"line":92,"column":3}},"8":{"start":{"line":88,"column":50},"end":{"line":92,"column":1}}},"fnMap":{"0":{"name":"ThemedText","decl":{"start":{"line":30,"column":16},"end":{"line":30,"column":26}},"loc":{"start":{"line":35,"column":20},"end":{"line":61,"column":1}},"line":35},"1":{"name":"(anonymous_1)","decl":{"start":{"line":42,"column":4},"end":{"line":42,"column":5}},"loc":{"start":{"line":42,"column":11},"end":{"line":56,"column":5}},"line":42},"2":{"name":"ThemedView","decl":{"start":{"line":74,"column":16},"end":{"line":74,"column":26}},"loc":{"start":{"line":78,"column":20},"end":{"line":86,"column":1}},"line":78},"3":{"name":"(anonymous_3)","decl":{"start":{"line":88,"column":34},"end":{"line":88,"column":35}},"loc":{"start":{"line":88,"column":50},"end":{"line":92,"column":1}},"line":88}},"branchMap":{"0":{"loc":{"start":{"line":33,"column":2},"end":{"line":33,"column":21}},"type":"default-arg","locations":[{"start":{"line":33,"column":12},"end":{"line":33,"column":21}}],"line":33},"1":{"loc":{"start":{"line":43,"column":48},"end":{"line":43,"column":63}},"type":"binary-expr","locations":[{"start":{"line":43,"column":48},"end":{"line":43,"column":53}},{"start":{"line":43,"column":57},"end":{"line":43,"column":63}}],"line":43},"2":{"loc":{"start":{"line":44,"column":50},"end":{"line":44,"column":65}},"type":"binary-expr","locations":[{"start":{"line":44,"column":50},"end":{"line":44,"column":55}},{"start":{"line":44,"column":59},"end":{"line":44,"column":65}}],"line":44},"3":{"loc":{"start":{"line":45,"column":50},"end":{"line":45,"column":71}},"type":"binary-expr","locations":[{"start":{"line":45,"column":50},"end":{"line":45,"column":55}},{"start":{"line":45,"column":59},"end":{"line":45,"column":71}}],"line":45},"4":{"loc":{"start":{"line":49,"column":23},"end":{"line":49,"column":38}},"type":"binary-expr","locations":[{"start":{"line":49,"column":23},"end":{"line":49,"column":28}},{"start":{"line":49,"column":32},"end":{"line":49,"column":38}}],"line":49},"5":{"loc":{"start":{"line":54,"column":23},"end":{"line":54,"column":38}},"type":"binary-expr","locations":[{"start":{"line":54,"column":23},"end":{"line":54,"column":28}},{"start":{"line":54,"column":32},"end":{"line":54,"column":38}}],"line":54},"6":{"loc":{"start":{"line":82,"column":29},"end":{"line":82,"column":60}},"type":"binary-expr","locations":[{"start":{"line":82,"column":29},"end":{"line":82,"column":44}},{"start":{"line":82,"column":48},"end":{"line":82,"column":60}}],"line":82}},"s":{"0":2,"1":0,"2":0,"3":0,"4":0,"5":0,"6":0,"7":1,"8":2},"f":{"0":2,"1":0,"2":0,"3":2},"b":{"0":[2],"1":[0,0],"2":[0,0],"3":[0,0],"4":[0,0],"5":[0,0],"6":[0,0]},"_coverageSchema":"1a1c01bbd47fc00a2c39e90264f33305004495a9","hash":"292bcfee088f71a9ebb25e27904ca834f52c452c"}
,"/Users/beebee/Desktop/work/animebox/helpers/color.ts": {"path":"/Users/beebee/Desktop/work/animebox/helpers/color.ts","statementMap":{"0":{"start":{"line":10,"column":24},"end":{"line":13,"column":1}},"1":{"start":{"line":11,"column":20},"end":{"line":11,"column":72}},"2":{"start":{"line":11,"column":56},"end":{"line":11,"column":71}},"3":{"start":{"line":12,"column":2},"end":{"line":12,"column":73}},"4":{"start":{"line":16,"column":22},"end":{"line":17,"column":58}},"5":{"start":{"line":17,"column":2},"end":{"line":17,"column":58}},"6":{"start":{"line":19,"column":37},"end":{"line":54,"column":1}},"7":{"start":{"line":33,"column":2},"end":{"line":33,"column":40}},"8":{"start":{"line":35,"column":2},"end":{"line":37,"column":3}},"9":{"start":{"line":36,"column":4},"end":{"line":36,"column":68}},"10":{"start":{"line":40,"column":12},"end":{"line":40,"column":50}},"11":{"start":{"line":41,"column":12},"end":{"line":41,"column":50}},"12":{"start":{"line":42,"column":12},"end":{"line":42,"column":50}},"13":{"start":{"line":44,"column":15},"end":{"line":44,"column":39}},"14":{"start":{"line":45,"column":15},"end":{"line":45,"column":39}},"15":{"start":{"line":46,"column":15},"end":{"line":46,"column":39}},"16":{"start":{"line":49,"column":22},"end":{"line":51,"column":74}},"17":{"start":{"line":53,"column":2},"end":{"line":53,"column":21}}},"fnMap":{"0":{"name":"(anonymous_0)","decl":{"start":{"line":10,"column":24},"end":{"line":10,"column":25}},"loc":{"start":{"line":10,"column":70},"end":{"line":13,"column":1}},"line":10},"1":{"name":"(anonymous_1)","decl":{"start":{"line":11,"column":49},"end":{"line":11,"column":50}},"loc":{"start":{"line":11,"column":56},"end":{"line":11,"column":71}},"line":11},"2":{"name":"(anonymous_2)","decl":{"start":{"line":16,"column":22},"end":{"line":16,"column":23}},"loc":{"start":{"line":17,"column":2},"end":{"line":17,"column":58}},"line":17},"3":{"name":"(anonymous_3)","decl":{"start":{"line":19,"column":37},"end":{"line":19,"column":38}},"loc":{"start":{"line":22,"column":13},"end":{"line":54,"column":1}},"line":22}},"branchMap":{"0":{"loc":{"start":{"line":12,"column":9},"end":{"line":12,"column":72}},"type":"cond-expr","locations":[{"start":{"line":12,"column":17},"end":{"line":12,"column":48}},{"start":{"line":12,"column":51},"end":{"line":12,"column":72}}],"line":12},"1":{"loc":{"start":{"line":35,"column":2},"end":{"line":37,"column":3}},"type":"if","locations":[{"start":{"line":35,"column":2},"end":{"line":37,"column":3}},{"start":{},"end":{}}],"line":35}},"s":{"0":1,"1":0,"2":0,"3":0,"4":1,"5":0,"6":1,"7":0,"8":0,"9":0,"10":0,"11":0,"12":0,"13":0,"14":0,"15":0,"16":0,"17":0},"f":{"0":0,"1":0,"2":0,"3":0},"b":{"0":[0,0],"1":[0,0]},"_coverageSchema":"1a1c01bbd47fc00a2c39e90264f33305004495a9","hash":"52f9c547544e005b828820b292162e75b2c68d3d"}
,"/Users/beebee/Desktop/work/animebox/helpers/withThemeStyles.ts": {"path":"/Users/beebee/Desktop/work/animebox/helpers/withThemeStyles.ts","statementMap":{"0":{"start":{"line":9,"column":2},"end":{"line":18,"column":4}},"1":{"start":{"line":10,"column":18},"end":{"line":10,"column":28}},"2":{"start":{"line":12,"column":19},"end":{"line":15,"column":5}},"3":{"start":{"line":13,"column":12},"end":{"line":13,"column":54}},"4":{"start":{"line":17,"column":4},"end":{"line":17,"column":32}}},"fnMap":{"0":{"name":"withThemeStyles","decl":{"start":{"line":6,"column":16},"end":{"line":6,"column":31}},"loc":{"start":{"line":8,"column":53},"end":{"line":19,"column":1}},"line":8},"1":{"name":"(anonymous_1)","decl":{"start":{"line":9,"column":9},"end":{"line":9,"column":10}},"loc":{"start":{"line":9,"column":15},"end":{"line":18,"column":3}},"line":9},"2":{"name":"(anonymous_2)","decl":{"start":{"line":13,"column":6},"end":{"line":13,"column":7}},"loc":{"start":{"line":13,"column":12},"end":{"line":13,"column":54}},"line":13}},"branchMap":{},"s":{"0":3,"1":12,"2":12,"3":12,"4":6},"f":{"0":3,"1":12,"2":12},"b":{},"_coverageSchema":"1a1c01bbd47fc00a2c39e90264f33305004495a9","hash":"e5d90841dd17c9dd144d37e35f24e4b410c5b0d5"}
,"/Users/beebee/Desktop/work/animebox/hooks/useTheme.ts": {"path":"/Users/beebee/Desktop/work/animebox/hooks/useTheme.ts","statementMap":{"0":{"start":{"line":6,"column":18},"end":{"line":6,"column":42}},"1":{"start":{"line":7,"column":2},"end":{"line":9,"column":3}},"2":{"start":{"line":8,"column":4},"end":{"line":8,"column":68}},"3":{"start":{"line":10,"column":2},"end":{"line":10,"column":17}}},"fnMap":{"0":{"name":"useTheme","decl":{"start":{"line":5,"column":16},"end":{"line":5,"column":24}},"loc":{"start":{"line":5,"column":27},"end":{"line":11,"column":1}},"line":5}},"branchMap":{"0":{"loc":{"start":{"line":7,"column":2},"end":{"line":9,"column":3}},"type":"if","locations":[{"start":{"line":7,"column":2},"end":{"line":9,"column":3}},{"start":{},"end":{}}],"line":7}},"s":{"0":12,"1":12,"2":0,"3":12},"f":{"0":12},"b":{"0":[0,12]},"_coverageSchema":"1a1c01bbd47fc00a2c39e90264f33305004495a9","hash":"25e8bf8ba7b54f84326ee1f3c33068e6f82deeba"}
,"/Users/beebee/Desktop/work/animebox/providers/theme/ThemeProvider.tsx": {"path":"/Users/beebee/Desktop/work/animebox/providers/theme/ThemeProvider.tsx","statementMap":{"0":{"start":{"line":29,"column":28},"end":{"line":29,"column":75}},"1":{"start":{"line":49,"column":58},"end":{"line":95,"column":1}},"2":{"start":{"line":50,"column":17},"end":{"line":50,"column":36}},"3":{"start":{"line":51,"column":22},"end":{"line":51,"column":38}},"4":{"start":{"line":52,"column":20},"end":{"line":52,"column":41}},"5":{"start":{"line":54,"column":21},"end":{"line":54,"column":43}},"6":{"start":{"line":56,"column":22},"end":{"line":59,"column":8}},"7":{"start":{"line":61,"column":30},"end":{"line":78,"column":3}},"8":{"start":{"line":62,"column":11},"end":{"line":76,"column":5}},"9":{"start":{"line":86,"column":2},"end":{"line":94,"column":4}}},"fnMap":{"0":{"name":"(anonymous_0)","decl":{"start":{"line":49,"column":58},"end":{"line":49,"column":59}},"loc":{"start":{"line":49,"column":76},"end":{"line":95,"column":1}},"line":49},"1":{"name":"(anonymous_1)","decl":{"start":{"line":56,"column":34},"end":{"line":56,"column":35}},"loc":{"start":{"line":56,"column":63},"end":{"line":59,"column":3}},"line":56},"2":{"name":"(anonymous_2)","decl":{"start":{"line":62,"column":4},"end":{"line":62,"column":5}},"loc":{"start":{"line":62,"column":11},"end":{"line":76,"column":5}},"line":62}},"branchMap":{"0":{"loc":{"start":{"line":73,"column":15},"end":{"line":73,"column":64}},"type":"cond-expr","locations":[{"start":{"line":73,"column":28},"end":{"line":73,"column":44}},{"start":{"line":73,"column":47},"end":{"line":73,"column":64}}],"line":73},"1":{"loc":{"start":{"line":89,"column":15},"end":{"line":89,"column":72}},"type":"cond-expr","locations":[{"start":{"line":89,"column":28},"end":{"line":89,"column":47}},{"start":{"line":89,"column":50},"end":{"line":89,"column":72}}],"line":89}},"s":{"0":1,"1":1,"2":0,"3":0,"4":0,"5":0,"6":0,"7":0,"8":0,"9":0},"f":{"0":0,"1":0,"2":0},"b":{"0":[0,0],"1":[0,0]},"_coverageSchema":"1a1c01bbd47fc00a2c39e90264f33305004495a9","hash":"851cd09371fbfa4838d6d11d873bd745b821d9cf"}
,"/Users/beebee/Desktop/work/animebox/providers/theme/colors.ts": {"path":"/Users/beebee/Desktop/work/animebox/providers/theme/colors.ts","statementMap":{"0":{"start":{"line":6,"column":33},"end":{"line":22,"column":1}},"1":{"start":{"line":24,"column":32},"end":{"line":40,"column":1}}},"fnMap":{},"branchMap":{},"s":{"0":1,"1":1},"f":{},"b":{},"_coverageSchema":"1a1c01bbd47fc00a2c39e90264f33305004495a9","hash":"4b7dc962141a96c36d0573eb9f4d82b88c7d747a"}
}
