TN:
SF:assets/images/fallback.png
FNF:0
FNH:0
DA:1,1
LF:1
LH:1
BRF:0
BRH:0
end_of_record
TN:
SF:components/AnimeGrid.tsx
FN:22,(anonymous_0)
FN:34,(anonymous_1)
FN:40,(anonymous_2)
FN:48,(anonymous_3)
FN:49,(anonymous_4)
FN:60,(anonymous_5)
FNF:6
FNH:4
FNDA:6,(anonymous_0)
FNDA:6,(anonymous_1)
FNDA:8,(anonymous_2)
FNDA:0,(anonymous_3)
FNDA:0,(anonymous_4)
FNDA:16,(anonymous_5)
DA:22,6
DA:34,1
DA:35,6
DA:36,6
DA:37,6
DA:38,6
DA:40,6
DA:41,8
DA:48,0
DA:56,6
DA:60,16
LF:11
LH:10
BRDA:45,0,0,8
BRDA:45,0,1,0
BRDA:47,1,0,4
BRDA:47,1,1,4
BRDA:50,2,0,0
BRDA:50,2,1,8
BRF:6
BRH:4
end_of_record
TN:
SF:components/AnimePreviewCard.tsx
FN:24,(anonymous_0)
FN:64,(anonymous_1)
FN:135,(anonymous_2)
FNF:3
FNH:2
FNDA:4,(anonymous_0)
FNDA:0,(anonymous_1)
FNDA:4,(anonymous_2)
DA:24,1
DA:37,4
DA:39,0
DA:65,0
DA:135,4
DA:259,1
LF:6
LH:4
BRDA:33,0,0,0
BRDA:34,1,0,0
BRDA:49,2,0,0
BRDA:49,2,1,0
BRDA:62,3,0,0
BRDA:62,3,1,0
BRDA:77,4,0,0
BRDA:77,4,1,0
BRDA:78,5,0,0
BRDA:78,5,1,0
BRDA:80,6,0,0
BRDA:80,6,1,0
BRDA:85,7,0,0
BRDA:85,7,1,0
BRDA:107,8,0,0
BRDA:107,8,1,0
BRDA:112,9,0,0
BRDA:112,9,1,0
BRDA:120,10,0,0
BRDA:120,10,1,0
BRDA:121,11,0,0
BRDA:121,11,1,0
BRDA:124,12,0,0
BRDA:124,12,1,0
BRDA:126,13,0,0
BRDA:126,13,1,0
BRDA:147,14,0,0
BRDA:147,14,1,4
BRF:28
BRH:1
end_of_record
TN:
SF:components/themed-components.tsx
FN:30,ThemedText
FN:42,(anonymous_1)
FN:74,ThemedView
FN:88,(anonymous_3)
FNF:4
FNH:2
FNDA:2,ThemedText
FNDA:0,(anonymous_1)
FNDA:0,ThemedView
FNDA:2,(anonymous_3)
DA:36,2
DA:41,0
DA:42,0
DA:60,0
DA:79,0
DA:81,0
DA:85,0
DA:88,2
LF:8
LH:2
BRDA:33,0,0,2
BRDA:43,1,0,0
BRDA:43,1,1,0
BRDA:44,2,0,0
BRDA:44,2,1,0
BRDA:45,3,0,0
BRDA:45,3,1,0
BRDA:49,4,0,0
BRDA:49,4,1,0
BRDA:54,5,0,0
BRDA:54,5,1,0
BRDA:82,6,0,0
BRDA:82,6,1,0
BRF:13
BRH:1
end_of_record
TN:
SF:helpers/color.ts
FN:10,(anonymous_0)
FN:11,(anonymous_1)
FN:16,(anonymous_2)
FN:19,(anonymous_3)
FNF:4
FNH:0
FNDA:0,(anonymous_0)
FNDA:0,(anonymous_1)
FNDA:0,(anonymous_2)
FNDA:0,(anonymous_3)
DA:10,1
DA:11,0
DA:12,0
DA:16,1
DA:17,0
DA:19,1
DA:33,0
DA:35,0
DA:36,0
DA:40,0
DA:41,0
DA:42,0
DA:44,0
DA:45,0
DA:46,0
DA:49,0
DA:53,0
LF:17
LH:3
BRDA:12,0,0,0
BRDA:12,0,1,0
BRDA:35,1,0,0
BRDA:35,1,1,0
BRF:4
BRH:0
end_of_record
TN:
SF:helpers/withThemeStyles.ts
FN:6,withThemeStyles
FN:9,(anonymous_1)
FN:13,(anonymous_2)
FNF:3
FNH:3
FNDA:3,withThemeStyles
FNDA:12,(anonymous_1)
FNDA:12,(anonymous_2)
DA:9,3
DA:10,12
DA:12,12
DA:13,12
DA:17,6
LF:5
LH:5
BRF:0
BRH:0
end_of_record
TN:
SF:hooks/useTheme.ts
FN:5,useTheme
FNF:1
FNH:1
FNDA:12,useTheme
DA:6,12
DA:7,12
DA:8,0
DA:10,12
LF:4
LH:3
BRDA:7,0,0,0
BRDA:7,0,1,12
BRF:2
BRH:1
end_of_record
TN:
SF:providers/theme/ThemeProvider.tsx
FN:49,(anonymous_0)
FN:56,(anonymous_1)
FN:62,(anonymous_2)
FNF:3
FNH:0
FNDA:0,(anonymous_0)
FNDA:0,(anonymous_1)
FNDA:0,(anonymous_2)
DA:29,1
DA:49,1
DA:50,0
DA:51,0
DA:52,0
DA:54,0
DA:56,0
DA:61,0
DA:62,0
DA:86,0
LF:10
LH:2
BRDA:73,0,0,0
BRDA:73,0,1,0
BRDA:89,1,0,0
BRDA:89,1,1,0
BRF:4
BRH:0
end_of_record
TN:
SF:providers/theme/colors.ts
FNF:0
FNH:0
DA:6,1
DA:24,1
LF:2
LH:2
BRF:0
BRH:0
end_of_record
